<?xml version="1.0" encoding="UTF-8"?>
<!-- Generated by org.testng.reporters.JUnitReportReporter -->
<testsuite hostname="DESKTOP-8C0LO3K" failures="0" tests="1" name="CucumberOptions.TestRunner" time="2.257" errors="0" timestamp="2025-05-19T20:02:20 IST" skipped="0">
  <testcase classname="CucumberOptions.TestRunner" name="runScenario" time="2.257"/>
</testsuite> <!-- CucumberOptions.TestRunner -->
