<?xml version="1.0" encoding="UTF-8"?>
<!-- Generated by org.testng.reporters.JUnitReportReporter -->
<testsuite hostname="DESKTOP-8C0LO3K" failures="0" tests="1" name="CucumberOptions.TestRunner" time="5.169" errors="0" timestamp="2025-05-26T20:01:09 IST" skipped="0">
  <testcase classname="CucumberOptions.TestRunner" name="runScenario" time="5.169"/>
</testsuite> <!-- CucumberOptions.TestRunner -->
