<?xml version="1.0" encoding="UTF-8"?>
<!-- Generated by org.testng.reporters.JUnitReportReporter -->
<testsuite hostname="DESKTOP-8C0LO3K" failures="0" tests="5" name="CucumberOptions.TestRunner" time="3.948" errors="0" timestamp="2025-05-26T19:40:39 IST" skipped="0">
  <testcase classname="CucumberOptions.TestRunner" name="runScenario" time="0.372"/>
  <testcase classname="CucumberOptions.TestRunner" name="runScenario" time="3.127"/>
  <testcase classname="CucumberOptions.TestRunner" name="runScenario" time="0.149"/>
  <testcase classname="CucumberOptions.TestRunner" name="runScenario" time="0.137"/>
  <testcase classname="CucumberOptions.TestRunner" name="runScenario" time="0.163"/>
</testsuite> <!-- CucumberOptions.TestRunner -->
