<?xml version="1.0" encoding="UTF-8"?>
<!-- Generated by org.testng.reporters.JUnitReportReporter -->
<testsuite hostname="DESKTOP-8C0LO3K" failures="0" tests="5" name="CucumberOptions.TestRunner" time="13.733" errors="0" timestamp="2025-05-27T19:14:31 IST" skipped="0">
  <testcase classname="CucumberOptions.TestRunner" name="runScenario" time="11.639"/>
  <testcase classname="CucumberOptions.TestRunner" name="runScenario" time="0.477"/>
  <testcase classname="CucumberOptions.TestRunner" name="runScenario" time="1.004"/>
  <testcase classname="CucumberOptions.TestRunner" name="runScenario" time="0.312"/>
  <testcase classname="CucumberOptions.TestRunner" name="runScenario" time="0.301"/>
</testsuite> <!-- CucumberOptions.TestRunner -->
